<?xml version="1.0" encoding="UTF-8"?>
<!-- Generated by org.testng.reporters.JUnitReportReporter -->
<testsuite hostname="SaiSravani" failures="0" tests="1" name="cucumber.TestNGTestRunner" time="6.966" errors="0" timestamp="2025-06-02T12:03:48 CEST" skipped="0">
  <testcase classname="cucumber.TestNGTestRunner" name="runScenario" time="6.966"/>
</testsuite> <!-- cucumber.TestNGTestRunner -->
