<?xml version="1.0" encoding="UTF-8"?>
<!-- Generated by org.testng.reporters.JUnitReportReporter -->
<testsuite hostname="SaiSravani" failures="0" tests="4" name="practiceSeleniumFramework.tests.SubmitOrderTest" time="58.956" errors="0" timestamp="2025-05-18T09:38:10 CEST" skipped="1">
  <testcase classname="practiceSeleniumFramework.tests.SubmitOrderTest" name="OrderHistoryTest" time="6.343"/>
  <testcase classname="practiceSeleniumFramework.tests.SubmitOrderTest" name="SubmitOrder" time="11.130"/>
  <testcase classname="practiceSeleniumFramework.tests.SubmitOrderTest" name="SubmitOrder" time="14.975">
    <skipped/>
  </testcase> <!-- SubmitOrder -->
  <testcase classname="practiceSeleniumFramework.tests.SubmitOrderTest" name="SubmitOrder" time="26.508"/>
</testsuite> <!-- practiceSeleniumFramework.tests.SubmitOrderTest -->
